<?xml version="1.0" encoding="UTF-8"?>
<!-- Generated by org.testng.reporters.JUnitReportReporter -->
<testsuite hostname="LAPTOP-ITIBBI2P" failures="0" tests="2" name="com.mystore.testcases.IndexPageTest" time="6.714" errors="0" timestamp="2025-10-26T19:32:35 IST" skipped="0">
  <testcase classname="com.mystore.testcases.IndexPageTest" name="getMyStoreTitle1" time="4.059"/>
  <testcase classname="com.mystore.testcases.IndexPageTest" name="verifyLogo" time="2.655"/>
</testsuite> <!-- com.mystore.testcases.IndexPageTest -->
