<?xml version="1.0" encoding="UTF-8"?>
<!-- Generated by org.testng.reporters.JUnitReportReporter -->
<testsuite hostname="LAPTOP-ITIBBI2P" failures="0" tests="5" name="com.mystore.testcases.ProductPageTest" time="0.848" errors="0" timestamp="2025-10-27T13:18:35 IST" skipped="0">
  <testcase classname="com.mystore.testcases.ProductPageTest" name="verifyCartIcon" time="0.217"/>
  <testcase classname="com.mystore.testcases.ProductPageTest" name="verifylogo" time="0.080"/>
  <testcase classname="com.mystore.testcases.ProductPageTest" name="verifyAddTheProduct" time="0.235"/>
  <testcase classname="com.mystore.testcases.ProductPageTest" name="verifyisProductAvailable" time="0.080"/>
  <testcase classname="com.mystore.testcases.ProductPageTest" name="verifyClickOnProduct" time="0.236"/>
</testsuite> <!-- com.mystore.testcases.ProductPageTest -->
