<?xml version="1.0" encoding="UTF-8"?>
<!-- Generated by org.testng.reporters.JUnitReportReporter -->
<testsuite hostname="LAPTOP-ITIBBI2P" failures="0" tests="7" name="NG_Auto.DemoNG" time="0.032" errors="0" timestamp="2025-10-06T18:57:34 IST" skipped="0">
  <testcase classname="NG_Auto.DemoNG" name="LogOut" time="0.019"/>
  <testcase classname="NG_Auto.DemoNG" name="MobileLogin" time="0.003"/>
  <testcase classname="NG_Auto.DemoNG" name="WebLoginHome2" time="0.002"/>
  <testcase classname="NG_Auto.DemoNG" name="WebLoginHome1" time="0.001"/>
  <testcase classname="NG_Auto.DemoNG" name="OpenApp" time="0.002"/>
  <testcase classname="NG_Auto.DemoNG" name="LoginApp" time="0.002"/>
  <testcase classname="NG_Auto.DemoNG" name="WebLoginHome" time="0.003"/>
</testsuite> <!-- NG_Auto.DemoNG -->
