<?xml version="1.0" encoding="UTF-8"?>
<testng-results ignored="0" total="1" passed="1" failed="0" skipped="0">
  <reporter-output>
  </reporter-output>
  <suite started-at="2025-10-29T17:57:56 IST" name="Default suite" finished-at="2025-10-29T17:58:13 IST" duration-ms="17253">
    <groups>
    </groups>
    <test started-at="2025-10-29T17:57:56 IST" name="Default test" finished-at="2025-10-29T17:58:13 IST" duration-ms="17253">
      <class name="com.mystore.testcases.LoginPageTest">
        <test-method is-config="true" signature="loadConfig()[pri:0, instance:com.mystore.testcases.LoginPageTest@3c46e67a]" started-at="2025-10-29T17:57:56 IST" name="loadConfig" finished-at="2025-10-29T17:57:56 IST" duration-ms="18" status="PASS">
          <reporter-output>
          </reporter-output>
        </test-method> <!-- loadConfig -->
        <test-method signature="loginTest()[pri:0, instance:com.mystore.testcases.LoginPageTest@3c46e67a]" started-at="2025-10-29T17:57:56 IST" name="loginTest" finished-at="2025-10-29T17:58:13 IST" duration-ms="17124" status="PASS">
          <reporter-output>
          </reporter-output>
        </test-method> <!-- loginTest -->
      </class> <!-- com.mystore.testcases.LoginPageTest -->
    </test> <!-- Default test -->
  </suite> <!-- Default suite -->
</testng-results>
