<?xml version="1.0" encoding="UTF-8"?>
<testng-results ignored="0" total="1" passed="1" failed="0" skipped="0">
  <reporter-output>
  </reporter-output>
  <suite started-at="2025-10-12T14:15:14 IST" name="Default suite" finished-at="2025-10-12T14:15:14 IST" duration-ms="113">
    <groups>
    </groups>
    <test started-at="2025-10-12T14:15:14 IST" name="Default test" finished-at="2025-10-12T14:15:14 IST" duration-ms="113">
      <class name="Inheritance.RunShapeTest">
        <test-method is-config="true" signature="beforeTest()[pri:0, instance:Inheritance.RunShapeTest@158d2680]" started-at="2025-10-12T14:15:14 IST" name="beforeTest" finished-at="2025-10-12T14:15:14 IST" duration-ms="14" status="PASS">
          <reporter-output>
          </reporter-output>
        </test-method> <!-- beforeTest -->
        <test-method signature="runShapeMethods()[pri:0, instance:Inheritance.RunShapeTest@158d2680]" started-at="2025-10-12T14:15:14 IST" name="runShapeMethods" finished-at="2025-10-12T14:15:14 IST" duration-ms="18" status="PASS">
          <reporter-output>
          </reporter-output>
        </test-method> <!-- runShapeMethods -->
        <test-method is-config="true" signature="afterTest()[pri:0, instance:Inheritance.RunShapeTest@158d2680]" started-at="2025-10-12T14:15:14 IST" name="afterTest" finished-at="2025-10-12T14:15:14 IST" duration-ms="2" status="PASS">
          <reporter-output>
          </reporter-output>
        </test-method> <!-- afterTest -->
      </class> <!-- Inheritance.RunShapeTest -->
    </test> <!-- Default test -->
  </suite> <!-- Default suite -->
</testng-results>
